<?xml version="1.0" encoding="UTF-8"?>
<testsuite xmlns:xsi="http://www.w3.org/2001/XMLSchema-instance" xsi:noNamespaceSchemaLocation="https://maven.apache.org/surefire/maven-surefire-plugin/xsd/surefire-test-report-3.0.xsd" version="3.0" name="org.carpconn.dao.MangaDAOIntTest" time="0.451" tests="3" errors="0" skipped="0" failures="0">
  <properties>
[...]
</properties>
  <testcase name="testCreateFind" classname="org.carpconn.dao.MangaDAOIntTest" time="0.137"/>
  <testcase name="testDelete" classname="org.carpconn.dao.MangaDAOIntTest" time="0.132"/>
  <testcase name="testUpdate" classname="org.carpconn.dao.MangaDAOIntTest" time="0.18"/>
</testsuite>